<?xml version="1.0" encoding="UTF-8"?>
<!-- Generated by org.testng.reporters.JUnitReportReporter -->
<testsuite hostname="DESKTOP-LJO1BRE" failures="0" tests="1" name="RemoveFromCart" time="24.369" errors="0" timestamp="2022-03-23T02:14:26 IST" skipped="0">
  <testcase classname="RemoveFromCart" name="verifyRemoveFromCart" time="24.369"/>
  <system-out/>
</testsuite> <!-- RemoveFromCart -->
